<?xml version="1.0" encoding="UTF-8"?>
<!-- Generated by org.testng.reporters.JUnitReportReporter -->
<testsuite skipped="0" hostname="3osA-PC" name="Tests.LoginTest" tests="1" failures="0" timestamp="2021-04-24T22:40:59 EET" time="2.317" errors="0">
  <testcase name="UserLogin" time="2.317" classname="Tests.LoginTest"/>
  <system-out/>
</testsuite> <!-- Tests.LoginTest -->
