<?xml version="1.0" encoding="UTF-8"?>
<!-- Generated by org.testng.reporters.JUnitReportReporter -->
<testsuite skipped="0" hostname="3osA-PC" name="Tests.RegistrationTest" tests="2" failures="0" timestamp="2021-04-24T05:12:36 EET" time="3.807" errors="0">
  <testcase name="OpenRegistrationForm" time="0.266" classname="Tests.RegistrationTest"/>
  <system-out/>
  <testcase name="CreateNewUser" time="3.541" classname="Tests.RegistrationTest"/>
  <system-out/>
</testsuite> <!-- Tests.RegistrationTest -->
